[debug] [2018-04-27T05:10:29.835Z] ----------------------------------------------------------------------
[debug] [2018-04-27T05:10:29.836Z] Command:       c:\Program Files\nodejs\node.exe c:\Users\alexh\AppData\Roaming\npm\node_modules\firebase-tools\bin\firebase serve --only functions
[debug] [2018-04-27T05:10:29.837Z] CLI Version:   3.17.7
[debug] [2018-04-27T05:10:29.837Z] Platform:      win32
[debug] [2018-04-27T05:10:29.837Z] Node Version:  v8.9.4
[debug] [2018-04-27T05:10:29.837Z] Time:          Thu Apr 26 2018 22:10:29 GMT-0700 (太平洋夏令时)
[debug] [2018-04-27T05:10:29.837Z] ----------------------------------------------------------------------
[debug] 
[debug] [2018-04-27T05:10:29.846Z] > command requires scopes: ["email","openid","https://www.googleapis.com/auth/cloudplatformprojects.readonly","https://www.googleapis.com/auth/firebase","https://www.googleapis.com/auth/cloud-platform"]
[debug] [2018-04-27T05:10:29.847Z] > authorizing via signed-in user
[debug] [2018-04-27T05:10:29.848Z] > refreshing access token with scopes: ["email","https://www.googleapis.com/auth/cloud-platform","https://www.googleapis.com/auth/cloudplatformprojects.readonly","https://www.googleapis.com/auth/firebase","openid"]
[debug] [2018-04-27T05:10:29.848Z] >>> HTTP REQUEST POST https://www.googleapis.com/oauth2/v3/token  
 { refresh_token: '1/__NHdD1PhhdGxuIZeToC8SyyI8E_YZtvyq6e5Fct08s',
  client_id: '563584335869-fgrhgmd47bqnekij5i8b5pr03ho849e6.apps.googleusercontent.com',
  client_secret: 'j9iVZfS8kkCEFUPaAeJV0sAi',
  grant_type: 'refresh_token',
  scope: 'email https://www.googleapis.com/auth/cloud-platform https://www.googleapis.com/auth/cloudplatformprojects.readonly https://www.googleapis.com/auth/firebase openid' } 
 Thu Apr 26 2018 22:10:29 GMT-0700 (太平洋夏令时)
[debug] [2018-04-27T05:10:30.045Z] <<< HTTP RESPONSE 200
[debug] [2018-04-27T05:10:30.052Z] >>> HTTP REQUEST GET https://admin.firebase.com/v1/projects/personal-web-bde13  
  
 Thu Apr 26 2018 22:10:30 GMT-0700 (太平洋夏令时)
[debug] [2018-04-27T05:10:30.706Z] <<< HTTP RESPONSE 200
[debug] [2018-04-27T05:10:30.707Z] >>> HTTP REQUEST GET https://admin.firebase.com/v1/database/personal-web-bde13/tokens  
  
 Thu Apr 26 2018 22:10:30 GMT-0700 (太平洋夏令时)
[debug] [2018-04-27T05:10:31.299Z] <<< HTTP RESPONSE 200
[debug] [2018-04-27T05:10:31.300Z] >>> HTTP REQUEST GET https://cloudresourcemanager.googleapis.com/v1/projects/personal-web-bde13  
  
 Thu Apr 26 2018 22:10:31 GMT-0700 (太平洋夏令时)
[debug] [2018-04-27T05:10:31.705Z] <<< HTTP RESPONSE 200
[info] 
[info] === Serving from 'g:\GitHub\personal-web'...
[info] 
[info] i  functions: Preparing to emulate functions.
[debug] [2018-04-27T05:10:32.387Z] Fetching environment
[debug] [2018-04-27T05:10:32.390Z] >>> HTTP REQUEST GET https://mobilesdk-pa.googleapis.com/v1/projects/774914481358:getServerAppConfig  
  
 Thu Apr 26 2018 22:10:32 GMT-0700 (太平洋夏令时)
[debug] [2018-04-27T05:10:32.774Z] <<< HTTP RESPONSE 200
[debug] [2018-04-27T05:10:32.774Z] Starting @google-cloud/functions-emulator
[debug] [2018-04-27T05:10:34.320Z] Parsing function triggers
[info] +  functions: helloWorld: http://localhost:5000/personal-web-bde13/us-central1/helloWorld
[info] Shutting down...
[debug] [2018-04-27T05:11:49.374Z] ----------------------------------------------------------------------
[debug] [2018-04-27T05:11:49.375Z] Command:       c:\Program Files\nodejs\node.exe c:\Users\alexh\AppData\Roaming\npm\node_modules\firebase-tools\bin\firebase serve --only functions
[debug] [2018-04-27T05:11:49.375Z] CLI Version:   3.18.4
[debug] [2018-04-27T05:11:49.375Z] Platform:      win32
[debug] [2018-04-27T05:11:49.375Z] Node Version:  v8.9.4
[debug] [2018-04-27T05:11:49.376Z] Time:          Thu Apr 26 2018 22:11:49 GMT-0700 (太平洋夏令时)
[debug] [2018-04-27T05:11:49.376Z] ----------------------------------------------------------------------
[debug] 
[debug] [2018-04-27T05:11:49.382Z] > command requires scopes: ["email","openid","https://www.googleapis.com/auth/cloudplatformprojects.readonly","https://www.googleapis.com/auth/firebase","https://www.googleapis.com/auth/cloud-platform"]
[debug] [2018-04-27T05:11:49.383Z] > authorizing via signed-in user
[debug] [2018-04-27T05:11:49.384Z] >>> HTTP REQUEST GET https://admin.firebase.com/v1/projects/personal-web-bde13  
  
 Thu Apr 26 2018 22:11:49 GMT-0700 (太平洋夏令时)
[debug] [2018-04-27T05:11:49.832Z] <<< HTTP RESPONSE 200
[debug] [2018-04-27T05:11:49.832Z] >>> HTTP REQUEST GET https://admin.firebase.com/v1/database/personal-web-bde13/tokens  
  
 Thu Apr 26 2018 22:11:49 GMT-0700 (太平洋夏令时)
[debug] [2018-04-27T05:11:50.304Z] <<< HTTP RESPONSE 200
[debug] [2018-04-27T05:11:50.304Z] >>> HTTP REQUEST GET https://cloudresourcemanager.googleapis.com/v1/projects/personal-web-bde13  
  
 Thu Apr 26 2018 22:11:50 GMT-0700 (太平洋夏令时)
[debug] [2018-04-27T05:11:50.675Z] <<< HTTP RESPONSE 200
[info] 
[info] === Serving from 'g:\GitHub\personal-web'...
[info] 
[info] i  functions: Preparing to emulate functions.
[debug] [2018-04-27T05:11:51.188Z] Fetching environment
[debug] [2018-04-27T05:11:51.190Z] >>> HTTP REQUEST GET https://mobilesdk-pa.googleapis.com/v1/projects/774914481358:getServerAppConfig  
  
 Thu Apr 26 2018 22:11:51 GMT-0700 (太平洋夏令时)
[debug] [2018-04-27T05:11:51.484Z] <<< HTTP RESPONSE 200
[debug] [2018-04-27T05:11:51.484Z] Starting @google-cloud/functions-emulator
[debug] [2018-04-27T05:11:53.022Z] Parsing function triggers
[info] +  functions: helloWorld: http://localhost:5000/personal-web-bde13/us-central1/helloWorld
[info] Shutting down...
[debug] [2018-04-27T05:12:08.609Z] ----------------------------------------------------------------------
[debug] [2018-04-27T05:12:08.610Z] Command:       c:\Program Files\nodejs\node.exe c:\Users\alexh\AppData\Roaming\npm\node_modules\firebase-tools\bin\firebase serve
[debug] [2018-04-27T05:12:08.610Z] CLI Version:   3.18.4
[debug] [2018-04-27T05:12:08.610Z] Platform:      win32
[debug] [2018-04-27T05:12:08.610Z] Node Version:  v8.9.4
[debug] [2018-04-27T05:12:08.611Z] Time:          Thu Apr 26 2018 22:12:08 GMT-0700 (太平洋夏令时)
[debug] [2018-04-27T05:12:08.611Z] ----------------------------------------------------------------------
[debug] 
[debug] [2018-04-27T05:12:08.617Z] > command requires scopes: ["email","openid","https://www.googleapis.com/auth/cloudplatformprojects.readonly","https://www.googleapis.com/auth/firebase","https://www.googleapis.com/auth/cloud-platform"]
[debug] [2018-04-27T05:12:08.617Z] > authorizing via signed-in user
[debug] [2018-04-27T05:12:08.619Z] >>> HTTP REQUEST GET https://admin.firebase.com/v1/projects/personal-web-bde13  
  
 Thu Apr 26 2018 22:12:08 GMT-0700 (太平洋夏令时)
[debug] [2018-04-27T05:12:09.215Z] <<< HTTP RESPONSE 200
[debug] [2018-04-27T05:12:09.215Z] >>> HTTP REQUEST GET https://admin.firebase.com/v1/database/personal-web-bde13/tokens  
  
 Thu Apr 26 2018 22:12:09 GMT-0700 (太平洋夏令时)
[debug] [2018-04-27T05:12:09.824Z] <<< HTTP RESPONSE 200
[debug] [2018-04-27T05:12:09.824Z] >>> HTTP REQUEST GET https://cloudresourcemanager.googleapis.com/v1/projects/personal-web-bde13  
  
 Thu Apr 26 2018 22:12:09 GMT-0700 (太平洋夏令时)
[debug] [2018-04-27T05:12:10.181Z] <<< HTTP RESPONSE 200
[info] 
[info] === Serving from 'g:\GitHub\personal-web'...
[info] 
[info] i  functions: Preparing to emulate functions.
[debug] [2018-04-27T05:12:10.682Z] Fetching environment
[debug] [2018-04-27T05:12:10.684Z] >>> HTTP REQUEST GET https://mobilesdk-pa.googleapis.com/v1/projects/774914481358:getServerAppConfig  
  
 Thu Apr 26 2018 22:12:10 GMT-0700 (太平洋夏令时)
[debug] [2018-04-27T05:12:10.685Z] >>> HTTP REQUEST GET https://mobilesdk-pa.googleapis.com/v1/projects/774914481358/clients/_:getWebAppConfig  
  
 Thu Apr 26 2018 22:12:10 GMT-0700 (太平洋夏令时)
[debug] [2018-04-27T05:12:11.058Z] <<< HTTP RESPONSE 200
[info] i  hosting: Serving hosting files from: dist
[info] +  hosting: Local server: http://localhost:5000

[debug] [2018-04-27T05:12:11.137Z] <<< HTTP RESPONSE 200
[debug] [2018-04-27T05:12:11.137Z] Starting @google-cloud/functions-emulator
[debug] [2018-04-27T05:12:12.681Z] Parsing function triggers
[info] +  functions: helloWorld: http://localhost:5001/personal-web-bde13/us-central1/helloWorld
[info] Shutting down...
